<?xml version="1.0" encoding="UTF-8"?>
<!-- Generated by org.testng.reporters.JUnitXMLReporter -->
<testsuite hostname="LAPTOP-KFKBTHVD" name="Practice_Automation_ToolsQA_Test" tests="10" failures="2" timestamp="17 Mar 2018 20:15:26 GMT" time="10.841" errors="0">
  <testcase name="LaunchBrowser" time="10.485" classname="stepDefinition.Practice_Automation_ToolsQA_Repo"/>
  <testcase name="downLoadFile" time="0.002" classname="stepDefinition.Practice_Automation_ToolsQA_Repo">
    <skipped/>
  </testcase>
  <testcase name="selectAutomationTool" time="0.0" classname="stepDefinition.Practice_Automation_ToolsQA_Repo">
    <skipped/>
  </testcase>
  <testcase name="selectContinents" time="0.001" classname="stepDefinition.Practice_Automation_ToolsQA_Repo">
    <skipped/>
  </testcase>
  <testcase name="selectProfession" time="0.001" classname="stepDefinition.Practice_Automation_ToolsQA_Repo">
    <skipped/>
  </testcase>
  <testcase name="selectSeleniumCommands" time="0.0" classname="stepDefinition.Practice_Automation_ToolsQA_Repo">
    <skipped/>
  </testcase>
  <testcase name="setDate" time="0.002" classname="stepDefinition.Practice_Automation_ToolsQA_Repo">
    <skipped/>
  </testcase>
  <testcase name="upLoadFile" time="0.0" classname="stepDefinition.Practice_Automation_ToolsQA_Repo">
    <skipped/>
  </testcase>
  <testcase name="setFirstName" time="0.295" classname="stepDefinition.Practice_Automation_ToolsQA_Repo">
    <failure type="org.openqa.selenium.WebDriverException" message="unknown error: call function result missing &amp;apos;value&amp;apos;
  (Session info: chrome=65.0.3325.162)
  (Driver info: chromedriver=2.33.506120 (e3e53437346286c0bc2d2dc9aa4915ba81d9023f),platform=Windows NT 10.0.16299 x86_64) (WARNING: The server did not provide any stacktrace information)
Command duration or timeout: 167 milliseconds
Build info: version: &amp;apos;3.0.1&amp;apos;, revision: &amp;apos;1969d75&amp;apos;, time: &amp;apos;2016-10-18 09:49:13 -0700&amp;apos;
System info: host: &amp;apos;LAPTOP-KFKBTHVD&amp;apos;, ip: &amp;apos;192.168.0.23&amp;apos;, os.name: &amp;apos;Windows 10&amp;apos;, os.arch: &amp;apos;amd64&amp;apos;, os.version: &amp;apos;10.0&amp;apos;, java.version: &amp;apos;1.8.0_111&amp;apos;
Driver info: org.openqa.selenium.chrome.ChromeDriver
Capabilities [{applicationCacheEnabled=false, rotatable=false, mobileEmulationEnabled=false, networkConnectionEnabled=false, chrome={chromedriverVersion=2.33.506120 (e3e53437346286c0bc2d2dc9aa4915ba81d9023f), userDataDir=C:\Users\Raja\AppData\Local\Temp\scoped_dir13860_30500}, takesHeapSnapshot=true, pageLoadStrategy=normal, databaseEnabled=false, handlesAlerts=true, hasTouchScreen=false, version=65.0.3325.162, platform=XP, browserConnectionEnabled=false, nativeEvents=true, acceptSslCerts=true, locationContextEnabled=true, webStorageEnabled=true, browserName=chrome, takesScreenshot=true, javascriptEnabled=true, cssSelectorsEnabled=true, setWindowRect=true, unexpectedAlertBehaviour=}]
Session ID: 9e2daa4b3e576c93f49b1fec944e4854">
      <![CDATA[org.openqa.selenium.WebDriverException: unknown error: call function result missing 'value'
  (Session info: chrome=65.0.3325.162)
  (Driver info: chromedriver=2.33.506120 (e3e53437346286c0bc2d2dc9aa4915ba81d9023f),platform=Windows NT 10.0.16299 x86_64) (WARNING: The server did not provide any stacktrace information)
Command duration or timeout: 167 milliseconds
Build info: version: '3.0.1', revision: '1969d75', time: '2016-10-18 09:49:13 -0700'
System info: host: 'LAPTOP-KFKBTHVD', ip: '192.168.0.23', os.name: 'Windows 10', os.arch: 'amd64', os.version: '10.0', java.version: '1.8.0_111'
Driver info: org.openqa.selenium.chrome.ChromeDriver
Capabilities [{applicationCacheEnabled=false, rotatable=false, mobileEmulationEnabled=false, networkConnectionEnabled=false, chrome={chromedriverVersion=2.33.506120 (e3e53437346286c0bc2d2dc9aa4915ba81d9023f), userDataDir=C:\Users\Raja\AppData\Local\Temp\scoped_dir13860_30500}, takesHeapSnapshot=true, pageLoadStrategy=normal, databaseEnabled=false, handlesAlerts=true, hasTouchScreen=false, version=65.0.3325.162, platform=XP, browserConnectionEnabled=false, nativeEvents=true, acceptSslCerts=true, locationContextEnabled=true, webStorageEnabled=true, browserName=chrome, takesScreenshot=true, javascriptEnabled=true, cssSelectorsEnabled=true, setWindowRect=true, unexpectedAlertBehaviour=}]
Session ID: 9e2daa4b3e576c93f49b1fec944e4854
	at org.openqa.selenium.remote.ErrorHandler.createThrowable(ErrorHandler.java:216)
	at org.openqa.selenium.remote.ErrorHandler.throwIfResponseFailed(ErrorHandler.java:168)
	at org.openqa.selenium.remote.RemoteWebDriver.execute(RemoteWebDriver.java:635)
	at org.openqa.selenium.remote.RemoteWebElement.execute(RemoteWebElement.java:274)
	at org.openqa.selenium.remote.RemoteWebElement.sendKeys(RemoteWebElement.java:98)
	at stepDefinition.Practice_Automation_ToolsQA_Repo.setFirstName(Practice_Automation_ToolsQA_Repo.java:66)
	at java.util.concurrent.ThreadPoolExecutor.runWorker(ThreadPoolExecutor.java:1142)
	at java.util.concurrent.ThreadPoolExecutor$Worker.run(ThreadPoolExecutor.java:617)
	at java.lang.Thread.run(Thread.java:745)
... Removed 20 stack frames]]>
    </failure>
  </testcase>
  <testcase name="setFirstName" time="0.305" classname="stepDefinition.Practice_Automation_ToolsQA_Repo">
    <failure type="java.lang.NullPointerException">
      <![CDATA[java.lang.NullPointerException
	at genericLibrary.captureScreenShot.captureScreenShot_(captureScreenShot.java:17)
	at genericLibrary.EventListener_testNG.onTestFailure(EventListener_testNG.java:34)
	at java.util.concurrent.ThreadPoolExecutor.runWorker(ThreadPoolExecutor.java:1142)
	at java.util.concurrent.ThreadPoolExecutor$Worker.run(ThreadPoolExecutor.java:617)
	at java.lang.Thread.run(Thread.java:745)
... Removed 13 stack frames]]>
    </failure>
  </testcase>
</testsuite>
