<?xml version="1.0" encoding="UTF-8"?>
<!-- Generated by org.testng.reporters.JUnitXMLReporter -->
<testsuite hostname="LAPTOP-KFKBTHVD" name="Test Grouping" tests="5" failures="2" timestamp="17 Mar 2018 23:54:19 GMT" time="0.039" errors="0">
  <testcase name="Car1" time="0.001" classname="testNG_Examples.Group_Test"/>
  <testcase name="Car2" time="0.0" classname="testNG_Examples.Group_Test"/>
  <testcase name="Sedan1" time="0.0" classname="testNG_Examples.Group_Test"/>
  <testcase name="testTestAnnotation" time="0.0" classname="testNG_Examples.HelloWorld">
    <failure type="java.lang.IllegalArgumentException" message="Final speed can not be less than zero">
      <![CDATA[java.lang.IllegalArgumentException: Final speed can not be less than zero
	at testNG_Examples.HelloWorld.testTestAnnotation(HelloWorld.java:11)
	at org.apache.maven.surefire.testng.TestNGExecutor.run(TestNGExecutor.java:178)
	at org.apache.maven.surefire.testng.TestNGXmlTestSuite.execute(TestNGXmlTestSuite.java:92)
	at org.apache.maven.surefire.testng.TestNGProvider.invoke(TestNGProvider.java:96)
	at org.apache.maven.surefire.util.ReflectionUtils.invokeMethodWithArray2(ReflectionUtils.java:208)
	at org.apache.maven.surefire.booter.ProviderFactory$ProviderProxy.invoke(ProviderFactory.java:159)
	at org.apache.maven.surefire.booter.ProviderFactory.invokeProvider(ProviderFactory.java:87)
	at org.apache.maven.surefire.booter.ForkedBooter.runSuitesInProcess(ForkedBooter.java:153)
	at org.apache.maven.surefire.booter.ForkedBooter.main(ForkedBooter.java:95)
... Removed 25 stack frames]]>
    </failure>
  </testcase>
  <testcase name="testTestAnnotation" time="0.01" classname="testNG_Examples.HelloWorld">
    <failure type="java.lang.NullPointerException">
      <![CDATA[java.lang.NullPointerException
	at genericLibrary.captureScreenShot.captureScreenShot_(captureScreenShot.java:17)
	at genericLibrary.EventListener_testNG.onTestFailure(EventListener_testNG.java:34)
	at org.apache.maven.surefire.testng.TestNGExecutor.run(TestNGExecutor.java:178)
	at org.apache.maven.surefire.testng.TestNGXmlTestSuite.execute(TestNGXmlTestSuite.java:92)
	at org.apache.maven.surefire.testng.TestNGProvider.invoke(TestNGProvider.java:96)
	at org.apache.maven.surefire.util.ReflectionUtils.invokeMethodWithArray2(ReflectionUtils.java:208)
	at org.apache.maven.surefire.booter.ProviderFactory$ProviderProxy.invoke(ProviderFactory.java:159)
	at org.apache.maven.surefire.booter.ProviderFactory.invokeProvider(ProviderFactory.java:87)
	at org.apache.maven.surefire.booter.ForkedBooter.runSuitesInProcess(ForkedBooter.java:153)
	at org.apache.maven.surefire.booter.ForkedBooter.main(ForkedBooter.java:95)
... Removed 22 stack frames]]>
    </failure>
  </testcase>
</testsuite>
