<?xml version="1.0" encoding="UTF-8"?>
<!-- Generated by org.testng.reporters.JUnitXMLReporter -->
<testsuite hostname="LAPTOP-KFKBTHVD" name="Execute Automation Maven Cucumber TestNG Test " tests="4" failures="1" timestamp="23 Dec 2017 20:15:23 GMT" time="5.547" errors="0">
  <testcase name="user_is_on_Home_Page" time="5.476" classname="stepDefinition.EA_StepDef"/>
  <testcase name="user_Navigate_to_LogIn_Page" time="0.022" classname="stepDefinition.EA_StepDef">
    <failure type="java.lang.AssertionError" message="expected [Execute Automation1] but found [Execute Automation]">
      <![CDATA[java.lang.AssertionError: expected [Execute Automation1] but found [Execute Automation]
	at stepDefinition.EA_StepDef.user_Navigate_to_LogIn_Page(EA_StepDef.java:59)
... Removed 30 stack frames]]>
    </failure>
  </testcase> <!-- user_Navigate_to_LogIn_Page -->
  <testcase name="user_enters_UserName_and_Password" time="0.0" classname="stepDefinition.EA_StepDef">
    <skipped/>
  </testcase> <!-- user_enters_UserName_and_Password -->
  <testcase name="message_displayed_Login_Successfully" time="0.011" classname="stepDefinition.EA_StepDef"/>
</testsuite> <!-- Execute Automation Maven Cucumber TestNG Test  -->
