<?xml version="1.0" encoding="UTF-8"?>
<!-- Generated by org.testng.reporters.JUnitXMLReporter -->
<testsuite hostname="LAPTOP-KFKBTHVD" name="ScreenShotTest" tests="1" failures="1" timestamp="30 Dec 2017 23:51:20 GMT" time="6.83" errors="0">
  <testcase name="FaceBook_Login" time="6.694" classname="stepDefinition.FaceBook">
    <failure type="java.lang.AssertionError" message="expected:&amp;lt;abc&amp;gt; but was:&amp;lt;Facebook - Log In or Sign Up&amp;gt;">
      <![CDATA[java.lang.AssertionError: expected:<abc> but was:<Facebook - Log In or Sign Up>
	at stepDefinition.FaceBook.FaceBook_Login(FaceBook.java:74)
... Removed 29 stack frames]]>
    </failure>
  </testcase>
</testsuite>
